<?xml version="1.0" encoding="UTF-8"?>
<testsuite xmlns:xsi="http://www.w3.org/2001/XMLSchema-instance" xsi:noNamespaceSchemaLocation="https://maven.apache.org/surefire/maven-surefire-plugin/xsd/surefire-test-report-3.0.xsd" version="3.0" name="com.restapi.example.RestApiApplicationTests" time="7.499" tests="1" errors="0" skipped="0" failures="0">
  <properties>
[...]
</properties>
  <testcase name="contextLoads" classname="com.restapi.example.RestApiApplicationTests" time="2.132">
    <system-out><![CDATA[07:07:16.967 [main] INFO org.springframework.test.context.support.AnnotationConfigContextLoaderUtils -- Could not detect default configuration classes for test class [com.restapi.example.RestApiApplicationTests]: RestApiApplicationTests does not declare any static, non-private, non-final, nested classes annotated with @Configuration.
07:07:17.304 [main] INFO org.springframework.boot.test.context.SpringBootTestContextBootstrapper -- Found @SpringBootConfiguration com.restapi.example.RestApiApplication for test class com.restapi.example.RestApiApplicationTests
07:07:17.749 [main] INFO org.springframework.boot.devtools.restart.RestartApplicationListener -- Restart disabled due to context in which it is running

  .   ____          _            __ _ _
 /\\ / ___'_ __ _ _(_)_ __  __ _ \ \ \ \
( ( )\___ | '_ | '_| | '_ \/ _` | \ \ \ \
 \\/  ___)| |_)| | | | | || (_| |  ) ) ) )
  '  |____| .__|_| |_|_| |_\__, | / / / /
 =========|_|==============|___/=/_/_/_/

 :: Spring Boot ::                (v3.3.1)

2024-07-20T07:07:18.524+05:30  INFO 12080 --- [RestApi] [           main] c.r.example.RestApiApplicationTests      : Starting RestApiApplicationTests using Java 19.0.2 with PID 12080 (started by acer in D:\sts\RestApi)
2024-07-20T07:07:18.528+05:30  INFO 12080 --- [RestApi] [           main] c.r.example.RestApiApplicationTests      : No active profile set, falling back to 1 default profile: "default"
2024-07-20T07:07:21.771+05:30  INFO 12080 --- [RestApi] [           main] c.r.example.RestApiApplicationTests      : Started RestApiApplicationTests in 4.069 seconds (process running for 6.926)
]]></system-out>
  </testcase>
</testsuite>